<?xml version="1.0" encoding="UTF-8"?>
<testsuite name="A01 - 접근 제어" tests="8" skipped="0" failures="0" errors="0" timestamp="2026-04-25T10:05:21" hostname="DESKTOP-M6T2B2N" time="0.115">
  <properties/>
  <testcase name="CREATOR가 전체 회원 목록 조회 -&gt; 403" classname="com.settlement.manager.infrastructure.security.SecurityTest$AccessControlTests" time="0.024"/>
  <testcase name="CREATOR가 수수료율 변경 시도 -&gt; 403" classname="com.settlement.manager.infrastructure.security.SecurityTest$AccessControlTests" time="0.028"/>
  <testcase name="미인증 요청 -&gt; 401" classname="com.settlement.manager.infrastructure.security.SecurityTest$AccessControlTests" time="0.006"/>
  <testcase name="미인증 정산 조회 -&gt; 401" classname="com.settlement.manager.infrastructure.security.SecurityTest$AccessControlTests" time="0.005"/>
  <testcase name="OPERATOR가 전체 회원 목록 조회 -&gt; 200 (RoleHierarchy)" classname="com.settlement.manager.infrastructure.security.SecurityTest$AccessControlTests" time="0.019"/>
  <testcase name="ADMIN이 전체 회원 목록 조회 -&gt; 200" classname="com.settlement.manager.infrastructure.security.SecurityTest$AccessControlTests" time="0.014"/>
  <testcase name="CREATOR가 배치 실행 시도 -&gt; 403" classname="com.settlement.manager.infrastructure.security.SecurityTest$AccessControlTests" time="0.007"/>
  <testcase name="CREATOR가 정산 확정 시도 -&gt; 403" classname="com.settlement.manager.infrastructure.security.SecurityTest$AccessControlTests" time="0.007"/>
  <system-out><![CDATA[2026-04-25T19:05:21.235+09:00  INFO 18264 --- [settlement-manager] [    Test worker] t.c.s.AnnotationConfigContextLoaderUtils : Could not detect default configuration classes for test class [com.settlement.manager.infrastructure.security.SecurityTest$AccessControlTests]: AccessControlTests does not declare any static, non-private, non-final, nested classes annotated with @Configuration.
2026-04-25T19:05:21.237+09:00  INFO 18264 --- [settlement-manager] [    Test worker] .b.t.c.SpringBootTestContextBootstrapper : Found @SpringBootConfiguration com.settlement.manager.SettlementManagerApplication for test class com.settlement.manager.infrastructure.security.SecurityTest$AccessControlTests
]]></system-out>
  <system-err><![CDATA[]]></system-err>
</testsuite>
