<?xml version="1.0" encoding="UTF-8"?>
<testsuite name="A03 - 입력값 검증" tests="4" skipped="0" failures="0" errors="0" timestamp="2026-04-25T10:05:20" hostname="DESKTOP-M6T2B2N" time="0.376">
  <properties/>
  <testcase name="이메일 형식 오류 회원가입 -&gt; 400" classname="com.settlement.manager.infrastructure.security.SecurityTest$InputValidationTests" time="0.308"/>
  <testcase name="비밀번호 8자 미만 회원가입 -&gt; 400" classname="com.settlement.manager.infrastructure.security.SecurityTest$InputValidationTests" time="0.012"/>
  <testcase name="500 에러 응답에 스택 트레이스 미포함 (A09)" classname="com.settlement.manager.infrastructure.security.SecurityTest$InputValidationTests" time="0.016"/>
  <testcase name="필수 필드 누락 로그인 요청 -&gt; 400" classname="com.settlement.manager.infrastructure.security.SecurityTest$InputValidationTests" time="0.036"/>
  <system-out><![CDATA[2026-04-25T19:05:17.700+09:00  INFO 18264 --- [settlement-manager] [    Test worker] t.c.s.AnnotationConfigContextLoaderUtils : Could not detect default configuration classes for test class [com.settlement.manager.infrastructure.security.SecurityTest$InputValidationTests]: InputValidationTests does not declare any static, non-private, non-final, nested classes annotated with @Configuration.
2026-04-25T19:05:17.704+09:00  INFO 18264 --- [settlement-manager] [    Test worker] .b.t.c.SpringBootTestContextBootstrapper : Found @SpringBootConfiguration com.settlement.manager.SettlementManagerApplication for test class com.settlement.manager.infrastructure.security.SecurityTest$InputValidationTests
2026-04-25T19:05:17.716+09:00  INFO 18264 --- [settlement-manager] [    Test worker] m.p.springdotenv.DotenvPropertySource    : Initialized Dotenv with DotenvConfig{directory=null, filename=null, ignoreIfMalformed=false, ignoreIfMissing=true, systemProperties=false, prefix=null}
  .   ____          _            __ _ _
 /\\ / ___'_ __ _ _(_)_ __  __ _ \ \ \ \
( ( )\___ | '_ | '_| | '_ \/ _` | \ \ \ \
 \\/  ___)| |_)| | | | | || (_| |  ) ) ) )
  '  |____| .__|_| |_|_| |_\__, | / / / /
 =========|_|==============|___/=/_/_/_/

 :: Spring Boot ::                (v3.3.0)

2026-04-25T19:05:17.752+09:00  INFO 18264 --- [settlement-manager] [    Test worker] c.s.m.i.security.SecurityTest            : Starting SecurityTest using Java 17.0.6 with PID 18264 (started by user in C:\workspace\settlement-manager)
2026-04-25T19:05:17.752+09:00  INFO 18264 --- [settlement-manager] [    Test worker] c.s.m.i.security.SecurityTest            : The following 1 profile is active: "test"
2026-04-25T19:05:18.293+09:00  INFO 18264 --- [settlement-manager] [    Test worker] .s.d.r.c.RepositoryConfigurationDelegate : Multiple Spring Data modules found, entering strict repository configuration mode
2026-04-25T19:05:18.294+09:00  INFO 18264 --- [settlement-manager] [    Test worker] .s.d.r.c.RepositoryConfigurationDelegate : Bootstrapping Spring Data JPA repositories in DEFAULT mode.
2026-04-25T19:05:18.332+09:00  INFO 18264 --- [settlement-manager] [    Test worker] .s.d.r.c.RepositoryConfigurationDelegate : Finished Spring Data repository scanning in 38 ms. Found 5 JPA repository interfaces.
2026-04-25T19:05:18.445+09:00  WARN 18264 --- [settlement-manager] [    Test worker] trationDelegate$BeanPostProcessorChecker : Bean 'org.springframework.boot.autoconfigure.jdbc.DataSourceConfiguration$Hikari' of type [org.springframework.boot.autoconfigure.jdbc.DataSourceConfiguration$Hikari] is not eligible for getting processed by all BeanPostProcessors (for example: not eligible for auto-proxying). Is this bean getting eagerly injected into a currently created BeanPostProcessor [jobRegistryBeanPostProcessor]? Check the corresponding BeanPostProcessor declaration and its dependencies.
2026-04-25T19:05:18.454+09:00  WARN 18264 --- [settlement-manager] [    Test worker] trationDelegate$BeanPostProcessorChecker : Bean 'spring.datasource-org.springframework.boot.autoconfigure.jdbc.DataSourceProperties' of type [org.springframework.boot.autoconfigure.jdbc.DataSourceProperties] is not eligible for getting processed by all BeanPostProcessors (for example: not eligible for auto-proxying). Is this bean getting eagerly injected into a currently created BeanPostProcessor [jobRegistryBeanPostProcessor]? Check the corresponding BeanPostProcessor declaration and its dependencies.
2026-04-25T19:05:18.458+09:00  WARN 18264 --- [settlement-manager] [    Test worker] trationDelegate$BeanPostProcessorChecker : Bean 'org.springframework.boot.autoconfigure.jdbc.DataSourceAutoConfiguration$PooledDataSourceConfiguration' of type [org.springframework.boot.autoconfigure.jdbc.DataSourceAutoConfiguration$PooledDataSourceConfiguration] is not eligible for getting processed by all BeanPostProcessors (for example: not eligible for auto-proxying). Is this bean getting eagerly injected into a currently created BeanPostProcessor [jobRegistryBeanPostProcessor]? Check the corresponding BeanPostProcessor declaration and its dependencies.
2026-04-25T19:05:18.459+09:00  WARN 18264 --- [settlement-manager] [    Test worker] trationDelegate$BeanPostProcessorChecker : Bean 'jdbcConnectionDetails' of type [org.springframework.boot.autoconfigure.jdbc.PropertiesJdbcConnectionDetails] is not eligible for getting processed by all BeanPostProcessors (for example: not eligible for auto-proxying). Is this bean getting eagerly injected into a currently created BeanPostProcessor [jobRegistryBeanPostProcessor]? Check the corresponding BeanPostProcessor declaration and its dependencies.
2026-04-25T19:05:18.469+09:00  WARN 18264 --- [settlement-manager] [    Test worker] trationDelegate$BeanPostProcessorChecker : Bean 'dataSource' of type [com.zaxxer.hikari.HikariDataSource] is not eligible for getting processed by all BeanPostProcessors (for example: not eligible for auto-proxying). Is this bean getting eagerly injected into a currently created BeanPostProcessor [jobRegistryBeanPostProcessor]? Check the corresponding BeanPostProcessor declaration and its dependencies.
2026-04-25T19:05:18.480+09:00  WARN 18264 --- [settlement-manager] [    Test worker] trationDelegate$BeanPostProcessorChecker : Bean 'spring.jpa-org.springframework.boot.autoconfigure.orm.jpa.JpaProperties' of type [org.springframework.boot.autoconfigure.orm.jpa.JpaProperties] is not eligible for getting processed by all BeanPostProcessors (for example: not eligible for auto-proxying). Is this bean getting eagerly injected into a currently created BeanPostProcessor [jobRegistryBeanPostProcessor]? Check the corresponding BeanPostProcessor declaration and its dependencies.
2026-04-25T19:05:18.484+09:00  WARN 18264 --- [settlement-manager] [    Test worker] trationDelegate$BeanPostProcessorChecker : Bean 'spring.jpa.hibernate-org.springframework.boot.autoconfigure.orm.jpa.HibernateProperties' of type [org.springframework.boot.autoconfigure.orm.jpa.HibernateProperties] is not eligible for getting processed by all BeanPostProcessors (for example: not eligible for auto-proxying). Is this bean getting eagerly injected into a currently created BeanPostProcessor [jobRegistryBeanPostProcessor]? Check the corresponding BeanPostProcessor declaration and its dependencies.
2026-04-25T19:05:18.487+09:00  WARN 18264 --- [settlement-manager] [    Test worker] trationDelegate$BeanPostProcessorChecker : Bean 'org.springframework.boot.autoconfigure.jdbc.metadata.DataSourcePoolMetadataProvidersConfiguration$HikariPoolDataSourceMetadataProviderConfiguration' of type [org.springframework.boot.autoconfigure.jdbc.metadata.DataSourcePoolMetadataProvidersConfiguration$HikariPoolDataSourceMetadataProviderConfiguration] is not eligible for getting processed by all BeanPostProcessors (for example: not eligible for auto-proxying). Is this bean getting eagerly injected into a currently created BeanPostProcessor [jobRegistryBeanPostProcessor]? Check the corresponding BeanPostProcessor declaration and its dependencies.
2026-04-25T19:05:18.490+09:00  WARN 18264 --- [settlement-manager] [    Test worker] trationDelegate$BeanPostProcessorChecker : Bean 'hikariPoolDataSourceMetadataProvider' of type [org.springframework.boot.autoconfigure.jdbc.metadata.DataSourcePoolMetadataProvidersConfiguration$HikariPoolDataSourceMetadataProviderConfiguration$$Lambda$1220/0x0000000801418898] is not eligible for getting processed by all BeanPostProcessors (for example: not eligible for auto-proxying). Is this bean getting eagerly injected into a currently created BeanPostProcessor [jobRegistryBeanPostProcessor]? Check the corresponding BeanPostProcessor declaration and its dependencies.
2026-04-25T19:05:18.494+09:00  WARN 18264 --- [settlement-manager] [    Test worker] trationDelegate$BeanPostProcessorChecker : Bean 'org.springframework.boot.autoconfigure.orm.jpa.HibernateJpaConfiguration' of type [org.springframework.boot.autoconfigure.orm.jpa.HibernateJpaConfiguration] is not eligible for getting processed by all BeanPostProcessors (for example: not eligible for auto-proxying). Is this bean getting eagerly injected into a currently created BeanPostProcessor [jobRegistryBeanPostProcessor]? Check the corresponding BeanPostProcessor declaration and its dependencies.
2026-04-25T19:05:18.497+09:00  WARN 18264 --- [settlement-manager] [    Test worker] trationDelegate$BeanPostProcessorChecker : Bean 'org.springframework.boot.autoconfigure.transaction.TransactionManagerCustomizationAutoConfiguration' of type [org.springframework.boot.autoconfigure.transaction.TransactionManagerCustomizationAutoConfiguration] is not eligible for getting processed by all BeanPostProcessors (for example: not eligible for auto-proxying). Is this bean getting eagerly injected into a currently created BeanPostProcessor [jobRegistryBeanPostProcessor]? Check the corresponding BeanPostProcessor declaration and its dependencies.
2026-04-25T19:05:18.500+09:00  WARN 18264 --- [settlement-manager] [    Test worker] trationDelegate$BeanPostProcessorChecker : Bean 'transactionExecutionListeners' of type [org.springframework.boot.autoconfigure.transaction.ExecutionListenersTransactionManagerCustomizer] is not eligible for getting processed by all BeanPostProcessors (for example: not eligible for auto-proxying). Is this bean getting eagerly injected into a currently created BeanPostProcessor [jobRegistryBeanPostProcessor]? Check the corresponding BeanPostProcessor declaration and its dependencies.
2026-04-25T19:05:18.503+09:00  WARN 18264 --- [settlement-manager] [    Test worker] trationDelegate$BeanPostProcessorChecker : Bean 'spring.transaction-org.springframework.boot.autoconfigure.transaction.TransactionProperties' of type [org.springframework.boot.autoconfigure.transaction.TransactionProperties] is not eligible for getting processed by all BeanPostProcessors (for example: not eligible for auto-proxying). Is this bean getting eagerly injected into a currently created BeanPostProcessor [jobRegistryBeanPostProcessor]? Check the corresponding BeanPostProcessor declaration and its dependencies.
2026-04-25T19:05:18.504+09:00  WARN 18264 --- [settlement-manager] [    Test worker] trationDelegate$BeanPostProcessorChecker : Bean 'platformTransactionManagerCustomizers' of type [org.springframework.boot.autoconfigure.transaction.TransactionManagerCustomizers] is not eligible for getting processed by all BeanPostProcessors (for example: not eligible for auto-proxying). Is this bean getting eagerly injected into a currently created BeanPostProcessor [jobRegistryBeanPostProcessor]? Check the corresponding BeanPostProcessor declaration and its dependencies.
2026-04-25T19:05:18.506+09:00  WARN 18264 --- [settlement-manager] [    Test worker] trationDelegate$BeanPostProcessorChecker : Bean 'org.springframework.boot.autoconfigure.sql.init.DataSourceInitializationConfiguration' of type [org.springframework.boot.autoconfigure.sql.init.DataSourceInitializationConfiguration] is not eligible for getting processed by all BeanPostProcessors (for example: not eligible for auto-proxying). Is this bean getting eagerly injected into a currently created BeanPostProcessor [jobRegistryBeanPostProcessor]? Check the corresponding BeanPostProcessor declaration and its dependencies.
2026-04-25T19:05:18.510+09:00  WARN 18264 --- [settlement-manager] [    Test worker] trationDelegate$BeanPostProcessorChecker : Bean 'spring.sql.init-org.springframework.boot.autoconfigure.sql.init.SqlInitializationProperties' of type [org.springframework.boot.autoconfigure.sql.init.SqlInitializationProperties] is not eligible for getting processed by all BeanPostProcessors (for example: not eligible for auto-proxying). Is this bean getting eagerly injected into a currently created BeanPostProcessor [jobRegistryBeanPostProcessor]? Check the corresponding BeanPostProcessor declaration and its dependencies.
2026-04-25T19:05:18.513+09:00  WARN 18264 --- [settlement-manager] [    Test worker] trationDelegate$BeanPostProcessorChecker : Bean 'dataSourceScriptDatabaseInitializer' of type [org.springframework.boot.autoconfigure.sql.init.SqlDataSourceScriptDatabaseInitializer] is not eligible for getting processed by all BeanPostProcessors (for example: not eligible for auto-proxying). Is this bean getting eagerly injected into a currently created BeanPostProcessor [jobRegistryBeanPostProcessor]? Check the corresponding BeanPostProcessor declaration and its dependencies.
2026-04-25T19:05:18.515+09:00  WARN 18264 --- [settlement-manager] [    Test worker] trationDelegate$BeanPostProcessorChecker : Bean 'org.springframework.boot.autoconfigure.batch.BatchAutoConfiguration$DataSourceInitializerConfiguration' of type [org.springframework.boot.autoconfigure.batch.BatchAutoConfiguration$DataSourceInitializerConfiguration] is not eligible for getting processed by all BeanPostProcessors (for example: not eligible for auto-proxying). Is this bean getting eagerly injected into a currently created BeanPostProcessor [jobRegistryBeanPostProcessor]? Check the corresponding BeanPostProcessor declaration and its dependencies.
2026-04-25T19:05:18.519+09:00  WARN 18264 --- [settlement-manager] [    Test worker] trationDelegate$BeanPostProcessorChecker : Bean 'spring.batch-org.springframework.boot.autoconfigure.batch.BatchProperties' of type [org.springframework.boot.autoconfigure.batch.BatchProperties] is not eligible for getting processed by all BeanPostProcessors (for example: not eligible for auto-proxying). Is this bean getting eagerly injected into a currently created BeanPostProcessor [jobRegistryBeanPostProcessor]? Check the corresponding BeanPostProcessor declaration and its dependencies.
2026-04-25T19:05:18.521+09:00  INFO 18264 --- [settlement-manager] [    Test worker] com.zaxxer.hikari.HikariDataSource       : HikariPool-2 - Starting...
2026-04-25T19:05:18.541+09:00  INFO 18264 --- [settlement-manager] [    Test worker] com.zaxxer.hikari.pool.HikariPool        : HikariPool-2 - Added connection org.postgresql.jdbc.PgConnection@2743e9b5
2026-04-25T19:05:18.541+09:00  INFO 18264 --- [settlement-manager] [    Test worker] com.zaxxer.hikari.HikariDataSource       : HikariPool-2 - Start completed.
2026-04-25T19:05:18.560+09:00  WARN 18264 --- [settlement-manager] [    Test worker] trationDelegate$BeanPostProcessorChecker : Bean 'batchDataSourceInitializer' of type [org.springframework.boot.autoconfigure.batch.BatchDataSourceScriptDatabaseInitializer] is not eligible for getting processed by all BeanPostProcessors (for example: not eligible for auto-proxying). Is this bean getting eagerly injected into a currently created BeanPostProcessor [jobRegistryBeanPostProcessor]? Check the corresponding BeanPostProcessor declaration and its dependencies.
2026-04-25T19:05:18.564+09:00  WARN 18264 --- [settlement-manager] [    Test worker] trationDelegate$BeanPostProcessorChecker : Bean 'jpaVendorAdapter' of type [org.springframework.orm.jpa.vendor.HibernateJpaVendorAdapter] is not eligible for getting processed by all BeanPostProcessors (for example: not eligible for auto-proxying). Is this bean getting eagerly injected into a currently created BeanPostProcessor [jobRegistryBeanPostProcessor]? Check the corresponding BeanPostProcessor declaration and its dependencies.
2026-04-25T19:05:18.568+09:00  WARN 18264 --- [settlement-manager] [    Test worker] trationDelegate$BeanPostProcessorChecker : Bean 'entityManagerFactoryBuilder' of type [org.springframework.boot.orm.jpa.EntityManagerFactoryBuilder] is not eligible for getting processed by all BeanPostProcessors (for example: not eligible for auto-proxying). Is this bean getting eagerly injected into a currently created BeanPostProcessor [jobRegistryBeanPostProcessor]? Check the corresponding BeanPostProcessor declaration and its dependencies.
2026-04-25T19:05:18.582+09:00  WARN 18264 --- [settlement-manager] [    Test worker] trationDelegate$BeanPostProcessorChecker : Bean 'persistenceManagedTypes' of type [org.springframework.orm.jpa.persistenceunit.SimplePersistenceManagedTypes] is not eligible for getting processed by all BeanPostProcessors (for example: not eligible for auto-proxying). Is this bean getting eagerly injected into a currently created BeanPostProcessor [jobRegistryBeanPostProcessor]? Check the corresponding BeanPostProcessor declaration and its dependencies.
2026-04-25T19:05:18.585+09:00  INFO 18264 --- [settlement-manager] [    Test worker] o.hibernate.jpa.internal.util.LogHelper  : HHH000204: Processing PersistenceUnitInfo [name: default]
2026-04-25T19:05:18.594+09:00  INFO 18264 --- [settlement-manager] [    Test worker] o.h.c.internal.RegionFactoryInitiator    : HHH000026: Second-level cache disabled
2026-04-25T19:05:18.615+09:00  INFO 18264 --- [settlement-manager] [    Test worker] o.s.o.j.p.SpringPersistenceUnitInfo      : No LoadTimeWeaver setup: ignoring JPA class transformer
2026-04-25T19:05:18.621+09:00  WARN 18264 --- [settlement-manager] [    Test worker] org.hibernate.orm.deprecation            : HHH90000025: PostgreSQLDialect does not need to be specified explicitly using 'hibernate.dialect' (remove the property setting and it will be selected by default)
2026-04-25T19:05:18.672+09:00  WARN 18264 --- [settlement-manager] [    Test worker] trationDelegate$BeanPostProcessorChecker : Bean '(inner bean)#279151f4' of type [org.springframework.beans.factory.config.ObjectFactoryCreatingFactoryBean] is not eligible for getting processed by all BeanPostProcessors (for example: not eligible for auto-proxying). Is this bean getting eagerly injected into a currently created BeanPostProcessor [jobRegistryBeanPostProcessor]? Check the corresponding BeanPostProcessor declaration and its dependencies.
2026-04-25T19:05:18.674+09:00  WARN 18264 --- [settlement-manager] [    Test worker] trationDelegate$BeanPostProcessorChecker : Bean '(inner bean)#279151f4' of type [org.springframework.beans.factory.config.ObjectFactoryCreatingFactoryBean$TargetBeanObjectFactory] is not eligible for getting processed by all BeanPostProcessors (for example: not eligible for auto-proxying). Is this bean getting eagerly injected into a currently created BeanPostProcessor [jobRegistryBeanPostProcessor]? Check the corresponding BeanPostProcessor declaration and its dependencies.
2026-04-25T19:05:18.787+09:00  INFO 18264 --- [settlement-manager] [    Test worker] o.h.e.t.j.p.i.JtaPlatformInitiator       : HHH000489: No JTA platform available (set 'hibernate.transaction.jta.platform' to enable JTA platform integration)
2026-04-25T19:05:18.999+09:00  INFO 18264 --- [settlement-manager] [    Test worker] j.LocalContainerEntityManagerFactoryBean : Initialized JPA EntityManagerFactory for persistence unit 'default'
2026-04-25T19:05:18.999+09:00  WARN 18264 --- [settlement-manager] [    Test worker] trationDelegate$BeanPostProcessorChecker : Bean 'entityManagerFactory' of type [org.springframework.orm.jpa.LocalContainerEntityManagerFactoryBean] is not eligible for getting processed by all BeanPostProcessors (for example: not eligible for auto-proxying). Is this bean getting eagerly injected into a currently created BeanPostProcessor [jobRegistryBeanPostProcessor]? Check the corresponding BeanPostProcessor declaration and its dependencies.
2026-04-25T19:05:19.003+09:00  WARN 18264 --- [settlement-manager] [    Test worker] trationDelegate$BeanPostProcessorChecker : Bean 'entityManagerFactory' of type [jdk.proxy3.$Proxy215] is not eligible for getting processed by all BeanPostProcessors (for example: not eligible for auto-proxying). Is this bean getting eagerly injected into a currently created BeanPostProcessor [jobRegistryBeanPostProcessor]? Check the corresponding BeanPostProcessor declaration and its dependencies.
2026-04-25T19:05:19.009+09:00  WARN 18264 --- [settlement-manager] [    Test worker] trationDelegate$BeanPostProcessorChecker : Bean 'transactionManager' of type [org.springframework.orm.jpa.JpaTransactionManager] is not eligible for getting processed by all BeanPostProcessors (for example: not eligible for auto-proxying). Is this bean getting eagerly injected into a currently created BeanPostProcessor [jobRegistryBeanPostProcessor]? Check the corresponding BeanPostProcessor declaration and its dependencies.
2026-04-25T19:05:19.018+09:00  WARN 18264 --- [settlement-manager] [    Test worker] trationDelegate$BeanPostProcessorChecker : Bean 'org.springframework.boot.autoconfigure.batch.BatchAutoConfiguration$SpringBootBatchConfiguration' of type [org.springframework.boot.autoconfigure.batch.BatchAutoConfiguration$SpringBootBatchConfiguration] is not eligible for getting processed by all BeanPostProcessors (for example: not eligible for auto-proxying). The currently created BeanPostProcessor [jobRegistryBeanPostProcessor] is declared through a non-static factory method on that class; consider declaring it as static instead.
2026-04-25T19:05:19.179+09:00  INFO 18264 --- [settlement-manager] [    Test worker] org.redisson.Version                     : Redisson 3.25.2
2026-04-25T19:05:19.250+09:00  INFO 18264 --- [settlement-manager] [isson-netty-5-7] o.r.c.pool.MasterPubSubConnectionPool    : 1 connections initialized for localhost/127.0.0.1:6479
2026-04-25T19:05:19.363+09:00  INFO 18264 --- [settlement-manager] [sson-netty-5-20] o.r.c.pool.MasterConnectionPool          : 24 connections initialized for localhost/127.0.0.1:6479
2026-04-25T19:05:19.507+09:00  INFO 18264 --- [settlement-manager] [    Test worker] c.s.m.i.b.MonthlySettlementJobConfig     : 월별 정산 대상 크리에이터 수: 0
2026-04-25T19:05:19.513+09:00  WARN 18264 --- [settlement-manager] [    Test worker] o.s.b.c.l.AbstractListenerFactoryBean    : org.springframework.batch.item.ItemProcessor is an interface. The implementing class will not be queried for annotation based listener configurations. If using @StepScope on a @Bean method, be sure to return the implementing class so listener annotations can be used.
2026-04-25T19:05:19.514+09:00  WARN 18264 --- [settlement-manager] [    Test worker] o.s.b.c.l.AbstractListenerFactoryBean    : org.springframework.batch.item.ItemProcessor is an interface. The implementing class will not be queried for annotation based listener configurations. If using @StepScope on a @Bean method, be sure to return the implementing class so listener annotations can be used.
2026-04-25T19:05:19.537+09:00  WARN 18264 --- [settlement-manager] [    Test worker] o.s.b.c.l.AbstractListenerFactoryBean    : org.springframework.batch.item.ItemWriter is an interface. The implementing class will not be queried for annotation based listener configurations. If using @StepScope on a @Bean method, be sure to return the implementing class so listener annotations can be used.
2026-04-25T19:05:19.538+09:00  WARN 18264 --- [settlement-manager] [    Test worker] o.s.b.c.l.AbstractListenerFactoryBean    : org.springframework.batch.item.ItemWriter is an interface. The implementing class will not be queried for annotation based listener configurations. If using @StepScope on a @Bean method, be sure to return the implementing class so listener annotations can be used.
2026-04-25T19:05:19.661+09:00  WARN 18264 --- [settlement-manager] [    Test worker] JpaBaseConfiguration$JpaWebConfiguration : spring.jpa.open-in-view is enabled by default. Therefore, database queries may be performed during view rendering. Explicitly configure spring.jpa.open-in-view to disable this warning
2026-04-25T19:05:19.688+09:00  WARN 18264 --- [settlement-manager] [    Test worker] .s.s.UserDetailsServiceAutoConfiguration : 

Using generated security password: e175eabe-a729-4d90-991a-c020eca476fa

This generated password is for development use only. Your security configuration must be updated before running your application in production.

2026-04-25T19:05:19.691+09:00  INFO 18264 --- [settlement-manager] [    Test worker] r$InitializeUserDetailsManagerConfigurer : Global AuthenticationManager configured with UserDetailsService bean with name inMemoryUserDetailsManager
2026-04-25T19:05:19.861+09:00  INFO 18264 --- [settlement-manager] [    Test worker] o.s.b.a.e.web.EndpointLinksResolver      : Exposing 2 endpoints beneath base path '/actuator'
2026-04-25T19:05:19.910+09:00  INFO 18264 --- [settlement-manager] [    Test worker] o.s.s.web.DefaultSecurityFilterChain     : Will secure any request with [org.springframework.security.web.session.DisableEncodeUrlFilter@180a59f2, org.springframework.security.web.context.request.async.WebAsyncManagerIntegrationFilter@56f12cfa, org.springframework.security.web.context.SecurityContextHolderFilter@3cd2fd3d, org.springframework.security.web.header.HeaderWriterFilter@1f001021, org.springframework.web.filter.CorsFilter@6c231fd9, org.springframework.security.web.authentication.logout.LogoutFilter@515523ca, com.settlement.manager.infrastructure.redis.RateLimitFilter@69fb4b2, com.settlement.manager.infrastructure.security.JwtAuthenticationFilter@67f1b08, org.springframework.security.web.savedrequest.RequestCacheAwareFilter@3388ea30, org.springframework.security.web.servletapi.SecurityContextHolderAwareRequestFilter@3e53bb4c, org.springframework.security.web.authentication.AnonymousAuthenticationFilter@221095b1, org.springframework.security.web.session.SessionManagementFilter@35aaa5df, org.springframework.security.web.access.ExceptionTranslationFilter@10cfaef3, org.springframework.security.web.access.intercept.AuthorizationFilter@122b93ca]
2026-04-25T19:05:20.369+09:00  INFO 18264 --- [settlement-manager] [    Test worker] o.s.b.t.m.w.SpringBootMockServletContext : Initializing Spring TestDispatcherServlet ''
2026-04-25T19:05:20.369+09:00  INFO 18264 --- [settlement-manager] [    Test worker] o.s.t.web.servlet.TestDispatcherServlet  : Initializing Servlet ''
2026-04-25T19:05:20.370+09:00  INFO 18264 --- [settlement-manager] [    Test worker] o.s.t.web.servlet.TestDispatcherServlet  : Completed initialization in 1 ms
2026-04-25T19:05:20.404+09:00  INFO 18264 --- [settlement-manager] [    Test worker] c.s.m.i.security.SecurityTest            : Started SecurityTest in 2.695 seconds (process running for 19.545)
]]></system-out>
  <system-err><![CDATA[]]></system-err>
</testsuite>
