<?xml version="1.0" encoding="UTF-8"?>
<testsuite name="com.settlement.manager.domain.settlement.service.SettlementIntegrationTest" tests="2" skipped="0" failures="0" errors="0" timestamp="2026-04-25T10:05:17" hostname="DESKTOP-M6T2B2N" time="0.106">
  <properties/>
  <testcase name="통합 시나리오1 - 1월 판매 2건 -&gt; 1월 정산 정상 생성" classname="com.settlement.manager.domain.settlement.service.SettlementIntegrationTest" time="0.065"/>
  <testcase name="통합 시나리오2 - 동일 기간 두 번 조회 -&gt; 중복 생성X 동일 결과" classname="com.settlement.manager.domain.settlement.service.SettlementIntegrationTest" time="0.039"/>
  <system-out><![CDATA[2026-04-25T19:05:17.154+09:00  INFO 18264 --- [settlement-manager] [    Test worker] t.c.s.AnnotationConfigContextLoaderUtils : Could not detect default configuration classes for test class [com.settlement.manager.domain.settlement.service.SettlementIntegrationTest]: SettlementIntegrationTest does not declare any static, non-private, non-final, nested classes annotated with @Configuration.
2026-04-25T19:05:17.156+09:00  INFO 18264 --- [settlement-manager] [    Test worker] .b.t.c.SpringBootTestContextBootstrapper : Found @SpringBootConfiguration com.settlement.manager.SettlementManagerApplication for test class com.settlement.manager.domain.settlement.service.SettlementIntegrationTest
2026-04-25T19:05:17.216+09:00  WARN 18264 --- [settlement-manager] [    Test worker] c.s.m.d.feerate.service.FeeRateResolver  : 기본 수수료율 적용 : rate=0.2
2026-04-25T19:05:17.220+09:00  INFO 18264 --- [settlement-manager] [    Test worker] c.s.m.d.s.service.SettlementService      : 정산 생성. creatorId=2 period=2025-01 settlementAmount=120000.00
2026-04-25T19:05:17.253+09:00  WARN 18264 --- [settlement-manager] [    Test worker] c.s.m.d.feerate.service.FeeRateResolver  : 기본 수수료율 적용 : rate=0.2
2026-04-25T19:05:17.256+09:00  INFO 18264 --- [settlement-manager] [    Test worker] c.s.m.d.s.service.SettlementService      : 정산 생성. creatorId=3 period=2025-01 settlementAmount=0.00
]]></system-out>
  <system-err><![CDATA[]]></system-err>
</testsuite>
