<?xml version="1.0" encoding="UTF-8"?>
<testsuite name="com.settlement.manager.domain.feerate.service.FeeRateResolverTest" tests="4" skipped="0" failures="0" errors="0" timestamp="2026-04-25T10:05:02" hostname="DESKTOP-M6T2B2N" time="1.914">
  <properties/>
  <testcase name="등급별 수수료 override -&gt; GOLD 15%" classname="com.settlement.manager.domain.feerate.service.FeeRateResolverTest" time="1.854"/>
  <testcase name="등급 override 없으면 -&gt; 기본 수수료율 적용" classname="com.settlement.manager.domain.feerate.service.FeeRateResolverTest" time="0.004"/>
  <testcase name="DB에 히스토리 없으면 -&gt; 기본 수수료율" classname="com.settlement.manager.domain.feerate.service.FeeRateResolverTest" time="0.049"/>
  <testcase name="grade null -&gt; 기본 수수료율" classname="com.settlement.manager.domain.feerate.service.FeeRateResolverTest" time="0.002"/>
  <system-out><![CDATA[Standard Commons Logging discovery in action with spring-jcl: please remove commons-logging.jar from classpath in order to avoid potential conflicts
2026-04-25T19:05:03.990+09:00  WARN   --- [    Test worker] c.s.m.d.feerate.service.FeeRateResolver  : 기본 수수료율 적용 : rate=0.20
]]></system-out>
  <system-err><![CDATA[]]></system-err>
</testsuite>
