<?xml version="1.0" encoding="UTF-8"?>
<testsuite name="com.settlement.manager.infrastructure.security.SecurityTest" tests="0" skipped="0" failures="0" errors="0" timestamp="1970-01-01T00:00:00" hostname="DESKTOP-M6T2B2N" time="0.0">
  <properties/>
  <system-out><![CDATA[2026-04-25T19:05:17.666+09:00  INFO 18264 --- [settlement-manager] [    Test worker] t.c.s.AnnotationConfigContextLoaderUtils : Could not detect default configuration classes for test class [com.settlement.manager.infrastructure.security.SecurityTest]: SecurityTest does not declare any static, non-private, non-final, nested classes annotated with @Configuration.
2026-04-25T19:05:17.694+09:00  INFO 18264 --- [settlement-manager] [    Test worker] .b.t.c.SpringBootTestContextBootstrapper : Found @SpringBootConfiguration com.settlement.manager.SettlementManagerApplication for test class com.settlement.manager.infrastructure.security.SecurityTest
]]></system-out>
  <system-err><![CDATA[]]></system-err>
</testsuite>
